<?xml version="1.0" encoding="UTF-8"?>
<!-- Generated by org.testng.reporters.JUnitReportReporter -->
<testsuite hostname="ShubhankurPC" failures="0" tests="1" name="jenkins.FlipKartBhowBhowStackTest" time="46.290" errors="0" timestamp="2024-06-07T18:31:02 IST" skipped="0">
  <testcase classname="jenkins.FlipKartBhowBhowStackTest" name="Flip" time="46.290"/>
</testsuite> <!-- jenkins.FlipKartBhowBhowStackTest -->
