<?xml version="1.0" encoding="UTF-8"?>
<!-- Generated by org.testng.reporters.JUnitReportReporter -->
<testsuite hostname="ShubhankurPC" failures="0" tests="1" name="jenkins.Flipkart" time="17.636" errors="0" timestamp="2024-06-07T15:34:37 IST" skipped="0">
  <testcase classname="jenkins.Flipkart" name="Flip" time="17.636"/>
</testsuite> <!-- jenkins.Flipkart -->
